[LOG] System::create                           :     Header version = 2.02.21. Current version = 2.02.21.
[LOG] Manager::init                            :     maxchannels = 256 studioflags = 00000006 flags 00000000 extradriverdata 0000000000000000.
[LOG] SystemI::init                            :     Initialize version=20221 (141420), maxchannels=256, flags=0x00020000
[LOG] SystemI::setOutputInternal               :     Setting output to 'FMOD WASAPI Output'
[LOG] OutputWASAPI::init                       :     Mix Format (WAVEFORMATEX): wFormatTag=0xFFFE, nChannels=2, nSamplesPerSec=48000, nAvgBytesPerSec=384000, nBlockAlign=8, wBitsPerSample=32, cbSize=22.
[LOG] OutputWASAPI::init                       :     Mix Format (WAVEFORMATEXTENSIBLE): wValidBitsPerSample=32, dwChannelMask=0x00000003, SubFormat=00000003-0000-0010-8000-00AA00389B71.
[LOG] OutputWASAPI::init                       :     Output buffer size: 4096 samples, latency: 0.00ms, period: 10.00ms, DSP buffer: 1024 * 4
[LOG] Thread::initThread                       :     Init FMOD stream thread. Affinity: 0x4000000000000003, Priority: 0xFFFF7FFB, Stack Size: 98304, Semaphore: No, Sleep Time: 10, Looping: Yes.
[LOG] Thread::initThread                       :     Init FMOD mixer thread. Affinity: 0x4000000000000001, Priority: 0xFFFF7FFA, Stack Size: 81920, Semaphore: No, Sleep Time: 0, Looping: Yes.
[LOG] AsyncManager::init                       :     manager 000002E04E6E5598 isAsync 0 updatePeriod 0.02
[LOG] AsyncManager::init                       :     done
[LOG] PlaybackSystem::init                     :     
[LOG] Thread::initThread                       :     Init FMOD Studio sample load thread. Affinity: 0x4000000000000003, Priority: 0xFFFF7FFD, Stack Size: 98304, Semaphore: No, Sleep Time: 1, Looping: No.
[LOG] PlaybackSystem::init                     :     done
[LOG] Thread::initThread                       :     Init FMOD Studio bank load thread. Affinity: 0x4000000000000003, Priority: 0xFFFF7FFD, Stack Size: 98304, Semaphore: No, Sleep Time: 1, Looping: No.
[LOG] Manager::init                            :     done.
[LOG] Manager::readBank                        :     fileversion = 142, compatVersion = 140 (oldest = 44, newest = 142)
[LOG] Manager::readBank                        :     fileversion = 142, compatVersion = 140 (oldest = 44, newest = 142)
[LOG] Manager::readBank                        :     fileversion = 142, compatVersion = 140 (oldest = 44, newest = 142)
[LOG] PlaybackSystem::acquireMasterBus         :     Setting master channel group format to 6
[LOG] Manager::readBank                        :     fileversion = 142, compatVersion = 140 (oldest = 44, newest = 142)
[LOG] Manager::readBank                        :     fileversion = 142, compatVersion = 140 (oldest = 44, newest = 142)
[LOG] PlaybackSystem::acquireMasterBus         :     Setting master channel group format to 6
[LOG] SystemI::createSound                     :     filename = ../FMOD/PrjVrijII/Build/Desktop/Master.bank : mode 02010082
[LOG] SystemI::createSound                     :     FMOD_NONBLOCKING specified.  Putting into queue to be opened asynchronously!
[LOG] Thread::initThread                       :     Init FMOD nonblocking thread (0). Affinity: 0x4000000000000003, Priority: 0xFFFF7FFC, Stack Size: 114688, Semaphore: Yes, Sleep Time: 0, Looping: Yes.
[LOG] AsyncThread::add                         :     add sound to async queue : soundi = 000002E12BBE8488, queue head = 000002E13A924CA8, queue count = 0
[LOG] AsyncThread::threadFunc                  :     Starting Asynchronous operation on sound 000002E12BBE8488
[LOG] SystemI::createSoundInternal             : Create name='../FMOD/PrjVrijII/Build/Desktop/Master.bank', mode=0x02010082
[LOG] SystemI::createSoundInternal             : exinfo->cbsize             = 224
[LOG] SystemI::createSoundInternal             : exinfo->length             = 17290496
[LOG] SystemI::createSoundInternal             : exinfo->fileoffset         = 3008
[LOG] SystemI::createSoundInternal             : exinfo->numsubsounds       = 1
[LOG] SystemI::createSoundInternal             : exinfo->inclusionlist      = 000002E04EFB6A80
[LOG] SystemI::createSoundInternal             : exinfo->inclusionlistnum   = 1
[LOG] SystemI::createSoundInternal             : exinfo->suggestedsoundtype = 5
[LOG] SystemI::createSoundInternal             : exinfo->initialseekpostype = 1
[LOG] SystemI::createSoundInternal             : Stream 0/1: name='Game A-Z 2.0 M', format=5, channels=2, frequency=48000, lengthbytes=11978304, lengthpcm=44834688, pcmblocksize=0, loopstart=0, loopend=0, mode=0x00000000, channelmask=0x00000000, channelorder=0, peakvolume=0.912933.
[LOG] Thread::initThread                       : Init FMOD file thread. Affinity: 0x4000000000000003, Priority: 0xFFFF7FFC, Stack Size: 65536, Semaphore: No, Sleep Time: 10, Looping: Yes.
[LOG] AsyncThread::threadFunc                  :     Finished Asynchronous operation on sound 000002E12BBE8488
[LOG] SystemI::createSound                     :     filename = ../FMOD/PrjVrijII/Build/Desktop/Master.bank : mode 02010082
[LOG] SystemI::createSound                     :     FMOD_NONBLOCKING specified.  Putting into queue to be opened asynchronously!
[LOG] AsyncThread::add                         :     add sound to async queue : soundi = 000002E12BBD1148, queue head = 000002E13A924CA8, queue count = 0
[LOG] AsyncThread::threadFunc                  :     Starting Asynchronous operation on sound 000002E12BBD1148
[LOG] SystemI::createSoundInternal             : Create name='../FMOD/PrjVrijII/Build/Desktop/Master.bank', mode=0x02010082
[LOG] SystemI::createSoundInternal             : exinfo->cbsize             = 224
[LOG] SystemI::createSoundInternal             : exinfo->length             = 17290496
[LOG] SystemI::createSoundInternal             : exinfo->fileoffset         = 3008
[LOG] SystemI::createSoundInternal             : exinfo->numsubsounds       = 1
[LOG] SystemI::createSoundInternal             : exinfo->inclusionlist      = 000002E04EFB6300
[LOG] SystemI::createSoundInternal             : exinfo->inclusionlistnum   = 1
[LOG] SystemI::createSoundInternal             : exinfo->suggestedsoundtype = 5
[LOG] SystemI::createSoundInternal             : exinfo->initialseekpostype = 1
[LOG] SystemI::createSoundInternal             : Stream 0/1: name='Game A-Z 2.0 M', format=5, channels=2, frequency=48000, lengthbytes=11978304, lengthpcm=44834688, pcmblocksize=0, loopstart=0, loopend=0, mode=0x00000000, channelmask=0x00000000, channelorder=0, peakvolume=0.912933.
[LOG] AsyncThread::threadFunc                  :     Finished Asynchronous operation on sound 000002E12BBD1148
[LOG] SoundI::release                          :     Game A-Z 2.0 M (000002E12BBE8488)
[LOG] SoundI::release                          : Game A-Z 2.0 M (000002E020696318)
[LOG] SoundI::release                          : Game A-Z 2.0 M (000002E12BBCDB48)
[LOG] SoundI::release                          :     Game A-Z 2.0 M (000002E12BBD1148)
[LOG] SoundI::release                          : Game A-Z 2.0 M (000002E020695478)
[LOG] SoundI::release                          : Game A-Z 2.0 M (000002E12BBD2228)
[LOG] Manager::readBank                        :     fileversion = 142, compatVersion = 140 (oldest = 44, newest = 142)
[LOG] Manager::readBank                        :     fileversion = 142, compatVersion = 140 (oldest = 44, newest = 142)
[LOG] PlaybackSystem::acquireMasterBus         :     Setting master channel group format to 6
[LOG] Thread::callback                         :     FMOD Studio bank load thread finished.
[LOG] Thread::callback                         :     FMOD Studio sample load thread finished.
[LOG] LiveUpdate::release                      :     
[LOG] LiveUpdate::reset                        :     Reset connection (reason Disconnected)
[LOG] Thread::callback                         :     FMOD stream thread finished.
[LOG] Thread::callback                         :     FMOD mixer thread finished.
[LOG] SystemI::close                           :     Closed.
[LOG] Thread::callback                         :     FMOD nonblocking thread (0) finished.
[LOG] Thread::callback                         :     FMOD file thread finished.
